Determining if the system is big endian passed with the following output:
Change Dir: /Users/danielmendelsohn/opencv-2.4.10/build/CMakeFiles/CMakeTmp

Run Build Command:"/usr/bin/make" "cmTryCompileExec2846349027/fast"
/usr/bin/make -f CMakeFiles/cmTryCompileExec2846349027.dir/build.make CMakeFiles/cmTryCompileExec2846349027.dir/build
/usr/local/Cellar/cmake/3.1.0/bin/cmake -E cmake_progress_report /Users/danielmendelsohn/opencv-2.4.10/build/CMakeFiles/CMakeTmp/CMakeFiles 1
Building C object CMakeFiles/cmTryCompileExec2846349027.dir/TestEndianess.c.o
/usr/bin/cc   -fsigned-char -W -Wall -Werror=return-type -Werror=address -Werror=sequence-point -Wformat -Werror=format-security -Wmissing-declarations -Wmissing-prototypes -Wstrict-prototypes -Wundef -Winit-self -Wpointer-arith -Wshadow -fdiagnostics-show-option -Wno-long-long -pthread -fomit-frame-pointer -msse -msse2 -msse3  -O3 -DNDEBUG   -o CMakeFiles/cmTryCompileExec2846349027.dir/TestEndianess.c.o   -c /Users/danielmendelsohn/opencv-2.4.10/build/CMakeFiles/CMakeTmp/TestEndianess.c
Linking C executable cmTryCompileExec2846349027
/usr/local/Cellar/cmake/3.1.0/bin/cmake -E cmake_link_script CMakeFiles/cmTryCompileExec2846349027.dir/link.txt --verbose=1
/usr/bin/cc     -fsigned-char -W -Wall -Werror=return-type -Werror=address -Werror=sequence-point -Wformat -Werror=format-security -Wmissing-declarations -Wmissing-prototypes -Wstrict-prototypes -Wundef -Winit-self -Wpointer-arith -Wshadow -fdiagnostics-show-option -Wno-long-long -pthread -fomit-frame-pointer -msse -msse2 -msse3  -O3 -DNDEBUG -Wl,-search_paths_first -Wl,-headerpad_max_install_names  CMakeFiles/cmTryCompileExec2846349027.dir/TestEndianess.c.o  -o cmTryCompileExec2846349027  

TestEndianess.c:
/* A 16 bit integer is required. */
typedef unsigned short cmakeint16;

/* On a little endian machine, these 16bit ints will give "THIS IS LITTLE ENDIAN."
   On a big endian machine the characters will be exchanged pairwise. */
const cmakeint16 info_little[] =  {0x4854, 0x5349, 0x4920, 0x2053, 0x494c, 0x5454, 0x454c, 0x4520, 0x444e, 0x4149, 0x2e4e, 0x0000};

/* on a big endian machine, these 16bit ints will give "THIS IS BIG ENDIAN."
   On a little endian machine the characters will be exchanged pairwise. */
const cmakeint16 info_big[] =     {0x5448, 0x4953, 0x2049, 0x5320, 0x4249, 0x4720, 0x454e, 0x4449, 0x414e, 0x2e2e, 0x0000};

#ifdef __CLASSIC_C__
int main(argc, argv) int argc; char *argv[];
#else
int main(int argc, char *argv[])
#endif
{
  int require = 0;
  require += info_little[argc];
  require += info_big[argc];
  (void)argv;
  return require;
}


Determining size of off64_t failed with the following output:
Change Dir: /Users/danielmendelsohn/opencv-2.4.10/build/CMakeFiles/CMakeTmp

Run Build Command:"/usr/bin/make" "cmTryCompileExec2335903047/fast"
/usr/bin/make -f CMakeFiles/cmTryCompileExec2335903047.dir/build.make CMakeFiles/cmTryCompileExec2335903047.dir/build
/usr/local/Cellar/cmake/3.1.0/bin/cmake -E cmake_progress_report /Users/danielmendelsohn/opencv-2.4.10/build/CMakeFiles/CMakeTmp/CMakeFiles 1
Building C object CMakeFiles/cmTryCompileExec2335903047.dir/OFF64_T.c.o
/usr/bin/cc   -fsigned-char -W -Wall -Werror=return-type -Werror=address -Werror=sequence-point -Wformat -Werror=format-security -Wmissing-declarations -Wmissing-prototypes -Wstrict-prototypes -Wundef -Winit-self -Wpointer-arith -Wshadow -fdiagnostics-show-option -Wno-long-long -pthread -fomit-frame-pointer -msse -msse2 -msse3  -O3 -DNDEBUG   -o CMakeFiles/cmTryCompileExec2335903047.dir/OFF64_T.c.o   -c /Users/danielmendelsohn/opencv-2.4.10/build/CMakeFiles/CheckTypeSize/OFF64_T.c
/Users/danielmendelsohn/opencv-2.4.10/build/CMakeFiles/CheckTypeSize/OFF64_T.c:19: error: ‘off64_t’ undeclared here (not in a function)
make[1]: *** [CMakeFiles/cmTryCompileExec2335903047.dir/OFF64_T.c.o] Error 1
make: *** [cmTryCompileExec2335903047/fast] Error 2

/Users/danielmendelsohn/opencv-2.4.10/build/CMakeFiles/CheckTypeSize/OFF64_T.c:
#include <sys/types.h>
#include <stdint.h>
#include <stddef.h>


#undef KEY
#if defined(__i386)
# define KEY '_','_','i','3','8','6'
#elif defined(__x86_64)
# define KEY '_','_','x','8','6','_','6','4'
#elif defined(__ppc__)
# define KEY '_','_','p','p','c','_','_'
#elif defined(__ppc64__)
# define KEY '_','_','p','p','c','6','4','_','_'
#endif

#define SIZE (sizeof(off64_t))
char info_size[] =  {'I', 'N', 'F', 'O', ':', 's','i','z','e','[',
  ('0' + ((SIZE / 10000)%10)),
  ('0' + ((SIZE / 1000)%10)),
  ('0' + ((SIZE / 100)%10)),
  ('0' + ((SIZE / 10)%10)),
  ('0' +  (SIZE    % 10)),
  ']',
#ifdef KEY
  ' ','k','e','y','[', KEY, ']',
#endif
  '\0'};

#ifdef __CLASSIC_C__
int main(argc, argv) int argc; char *argv[];
#else
int main(int argc, char *argv[])
#endif
{
  int require = 0;
  require += info_size[argc];
  (void)argv;
  return require;
}


Determining if the include file io.h exists failed with the following output:
Change Dir: /Users/danielmendelsohn/opencv-2.4.10/build/CMakeFiles/CMakeTmp

Run Build Command:"/usr/bin/make" "cmTryCompileExec3001498689/fast"
/usr/bin/make -f CMakeFiles/cmTryCompileExec3001498689.dir/build.make CMakeFiles/cmTryCompileExec3001498689.dir/build
/usr/local/Cellar/cmake/3.1.0/bin/cmake -E cmake_progress_report /Users/danielmendelsohn/opencv-2.4.10/build/CMakeFiles/CMakeTmp/CMakeFiles 1
Building C object CMakeFiles/cmTryCompileExec3001498689.dir/CheckIncludeFile.c.o
/usr/bin/cc   -fsigned-char -W -Wall -Werror=return-type -Werror=address -Werror=sequence-point -Wformat -Werror=format-security -Wmissing-declarations -Wmissing-prototypes -Wstrict-prototypes -Wundef -Winit-self -Wpointer-arith -Wshadow -fdiagnostics-show-option -Wno-long-long -pthread -fomit-frame-pointer -msse -msse2 -msse3  -O3 -DNDEBUG   -o CMakeFiles/cmTryCompileExec3001498689.dir/CheckIncludeFile.c.o   -c /Users/danielmendelsohn/opencv-2.4.10/build/CMakeFiles/CMakeTmp/CheckIncludeFile.c
/Users/danielmendelsohn/opencv-2.4.10/build/CMakeFiles/CMakeTmp/CheckIncludeFile.c:1:16: error: io.h: No such file or directory
make[1]: *** [CMakeFiles/cmTryCompileExec3001498689.dir/CheckIncludeFile.c.o] Error 1
make: *** [cmTryCompileExec3001498689/fast] Error 2


Determining if the function jbg_newlen exists failed with the following output:
Change Dir: /Users/danielmendelsohn/opencv-2.4.10/build/CMakeFiles/CMakeTmp

Run Build Command:"/usr/bin/make" "cmTryCompileExec2340194559/fast"
/usr/bin/make -f CMakeFiles/cmTryCompileExec2340194559.dir/build.make CMakeFiles/cmTryCompileExec2340194559.dir/build
/usr/local/Cellar/cmake/3.1.0/bin/cmake -E cmake_progress_report /Users/danielmendelsohn/opencv-2.4.10/build/CMakeFiles/CMakeTmp/CMakeFiles 1
Building C object CMakeFiles/cmTryCompileExec2340194559.dir/CheckFunctionExists.c.o
/usr/bin/cc   -fsigned-char -W -Wall -Werror=return-type -Werror=address -Werror=sequence-point -Wformat -Werror=format-security -Wmissing-declarations -Wmissing-prototypes -Wstrict-prototypes -Wundef -Winit-self -Wpointer-arith -Wshadow -fdiagnostics-show-option -Wno-long-long -pthread -fomit-frame-pointer -msse -msse2 -msse3 -DCHECK_FUNCTION_EXISTS=jbg_newlen -O3 -DNDEBUG   -o CMakeFiles/cmTryCompileExec2340194559.dir/CheckFunctionExists.c.o   -c /usr/local/Cellar/cmake/3.1.0/share/cmake/Modules/CheckFunctionExists.c
/usr/local/Cellar/cmake/3.1.0/share/cmake/Modules/CheckFunctionExists.c:3: warning: function declaration isn’t a prototype [-Wstrict-prototypes]
Linking C executable cmTryCompileExec2340194559
/usr/local/Cellar/cmake/3.1.0/bin/cmake -E cmake_link_script CMakeFiles/cmTryCompileExec2340194559.dir/link.txt --verbose=1
/usr/bin/cc     -fsigned-char -W -Wall -Werror=return-type -Werror=address -Werror=sequence-point -Wformat -Werror=format-security -Wmissing-declarations -Wmissing-prototypes -Wstrict-prototypes -Wundef -Winit-self -Wpointer-arith -Wshadow -fdiagnostics-show-option -Wno-long-long -pthread -fomit-frame-pointer -msse -msse2 -msse3 -DCHECK_FUNCTION_EXISTS=jbg_newlen -O3 -DNDEBUG -Wl,-search_paths_first -Wl,-headerpad_max_install_names  CMakeFiles/cmTryCompileExec2340194559.dir/CheckFunctionExists.c.o  -o cmTryCompileExec2340194559  
Undefined symbols for architecture x86_64:
  "_jbg_newlen", referenced from:
      _main in CheckFunctionExists.c.o
ld: symbol(s) not found for architecture x86_64
collect2: ld returned 1 exit status
make[1]: *** [cmTryCompileExec2340194559] Error 1
make: *** [cmTryCompileExec2340194559/fast] Error 2


Determining if the include file linux/videodev.h exists failed with the following output:
Change Dir: /Users/danielmendelsohn/opencv-2.4.10/build/CMakeFiles/CMakeTmp

Run Build Command:"/usr/bin/make" "cmTryCompileExec2567529258/fast"
/usr/bin/make -f CMakeFiles/cmTryCompileExec2567529258.dir/build.make CMakeFiles/cmTryCompileExec2567529258.dir/build
/usr/local/Cellar/cmake/3.1.0/bin/cmake -E cmake_progress_report /Users/danielmendelsohn/opencv-2.4.10/build/CMakeFiles/CMakeTmp/CMakeFiles 1
Building C object CMakeFiles/cmTryCompileExec2567529258.dir/CheckIncludeFile.c.o
/usr/bin/cc   -fsigned-char -W -Wall -Werror=return-type -Werror=address -Werror=sequence-point -Wformat -Werror=format-security -Wmissing-declarations -Wmissing-prototypes -Wstrict-prototypes -Wundef -Winit-self -Wpointer-arith -Wshadow -fdiagnostics-show-option -Wno-long-long -pthread -fomit-frame-pointer -msse -msse2 -msse3  -O3 -DNDEBUG   -o CMakeFiles/cmTryCompileExec2567529258.dir/CheckIncludeFile.c.o   -c /Users/danielmendelsohn/opencv-2.4.10/build/CMakeFiles/CMakeTmp/CheckIncludeFile.c
/Users/danielmendelsohn/opencv-2.4.10/build/CMakeFiles/CMakeTmp/CheckIncludeFile.c:1:28: error: linux/videodev.h: No such file or directory
make[1]: *** [CMakeFiles/cmTryCompileExec2567529258.dir/CheckIncludeFile.c.o] Error 1
make: *** [cmTryCompileExec2567529258/fast] Error 2


Determining if the include file linux/videodev2.h exists failed with the following output:
Change Dir: /Users/danielmendelsohn/opencv-2.4.10/build/CMakeFiles/CMakeTmp

Run Build Command:"/usr/bin/make" "cmTryCompileExec3869782591/fast"
/usr/bin/make -f CMakeFiles/cmTryCompileExec3869782591.dir/build.make CMakeFiles/cmTryCompileExec3869782591.dir/build
/usr/local/Cellar/cmake/3.1.0/bin/cmake -E cmake_progress_report /Users/danielmendelsohn/opencv-2.4.10/build/CMakeFiles/CMakeTmp/CMakeFiles 1
Building C object CMakeFiles/cmTryCompileExec3869782591.dir/CheckIncludeFile.c.o
/usr/bin/cc   -fsigned-char -W -Wall -Werror=return-type -Werror=address -Werror=sequence-point -Wformat -Werror=format-security -Wmissing-declarations -Wmissing-prototypes -Wstrict-prototypes -Wundef -Winit-self -Wpointer-arith -Wshadow -fdiagnostics-show-option -Wno-long-long -pthread -fomit-frame-pointer -msse -msse2 -msse3  -O3 -DNDEBUG   -o CMakeFiles/cmTryCompileExec3869782591.dir/CheckIncludeFile.c.o   -c /Users/danielmendelsohn/opencv-2.4.10/build/CMakeFiles/CMakeTmp/CheckIncludeFile.c
/Users/danielmendelsohn/opencv-2.4.10/build/CMakeFiles/CMakeTmp/CheckIncludeFile.c:1:29: error: linux/videodev2.h: No such file or directory
make[1]: *** [CMakeFiles/cmTryCompileExec3869782591.dir/CheckIncludeFile.c.o] Error 1
make: *** [cmTryCompileExec3869782591/fast] Error 2


Determining if the include file sys/videoio.h exists failed with the following output:
Change Dir: /Users/danielmendelsohn/opencv-2.4.10/build/CMakeFiles/CMakeTmp

Run Build Command:"/usr/bin/make" "cmTryCompileExec816819691/fast"
/usr/bin/make -f CMakeFiles/cmTryCompileExec816819691.dir/build.make CMakeFiles/cmTryCompileExec816819691.dir/build
/usr/local/Cellar/cmake/3.1.0/bin/cmake -E cmake_progress_report /Users/danielmendelsohn/opencv-2.4.10/build/CMakeFiles/CMakeTmp/CMakeFiles 1
Building C object CMakeFiles/cmTryCompileExec816819691.dir/CheckIncludeFile.c.o
/usr/bin/cc   -fsigned-char -W -Wall -Werror=return-type -Werror=address -Werror=sequence-point -Wformat -Werror=format-security -Wmissing-declarations -Wmissing-prototypes -Wstrict-prototypes -Wundef -Winit-self -Wpointer-arith -Wshadow -fdiagnostics-show-option -Wno-long-long -pthread -fomit-frame-pointer -msse -msse2 -msse3  -O3 -DNDEBUG   -o CMakeFiles/cmTryCompileExec816819691.dir/CheckIncludeFile.c.o   -c /Users/danielmendelsohn/opencv-2.4.10/build/CMakeFiles/CMakeTmp/CheckIncludeFile.c
/Users/danielmendelsohn/opencv-2.4.10/build/CMakeFiles/CMakeTmp/CheckIncludeFile.c:1:25: error: sys/videoio.h: No such file or directory
make[1]: *** [CMakeFiles/cmTryCompileExec816819691.dir/CheckIncludeFile.c.o] Error 1
make: *** [cmTryCompileExec816819691/fast] Error 2


Determining if the include file libavformat/avformat.h exists failed with the following output:
Change Dir: /Users/danielmendelsohn/opencv-2.4.10/build/CMakeFiles/CMakeTmp

Run Build Command:"/usr/bin/make" "cmTryCompileExec2828687034/fast"
/usr/bin/make -f CMakeFiles/cmTryCompileExec2828687034.dir/build.make CMakeFiles/cmTryCompileExec2828687034.dir/build
/usr/local/Cellar/cmake/3.1.0/bin/cmake -E cmake_progress_report /Users/danielmendelsohn/opencv-2.4.10/build/CMakeFiles/CMakeTmp/CMakeFiles 1
Building C object CMakeFiles/cmTryCompileExec2828687034.dir/CheckIncludeFile.c.o
/usr/bin/cc   -fsigned-char -W -Wall -Werror=return-type -Werror=address -Werror=sequence-point -Wformat -Werror=format-security -Wmissing-declarations -Wmissing-prototypes -Wstrict-prototypes -Wundef -Winit-self -Wpointer-arith -Wshadow -fdiagnostics-show-option -Wno-long-long -pthread -fomit-frame-pointer -msse -msse2 -msse3  -O3 -DNDEBUG   -o CMakeFiles/cmTryCompileExec2828687034.dir/CheckIncludeFile.c.o   -c /Users/danielmendelsohn/opencv-2.4.10/build/CMakeFiles/CMakeTmp/CheckIncludeFile.c
/Users/danielmendelsohn/opencv-2.4.10/build/CMakeFiles/CMakeTmp/CheckIncludeFile.c:1:34: error: libavformat/avformat.h: No such file or directory
make[1]: *** [CMakeFiles/cmTryCompileExec2828687034.dir/CheckIncludeFile.c.o] Error 1
make: *** [cmTryCompileExec2828687034/fast] Error 2


Determining if the include file ffmpeg/avformat.h exists failed with the following output:
Change Dir: /Users/danielmendelsohn/opencv-2.4.10/build/CMakeFiles/CMakeTmp

Run Build Command:"/usr/bin/make" "cmTryCompileExec234374648/fast"
/usr/bin/make -f CMakeFiles/cmTryCompileExec234374648.dir/build.make CMakeFiles/cmTryCompileExec234374648.dir/build
/usr/local/Cellar/cmake/3.1.0/bin/cmake -E cmake_progress_report /Users/danielmendelsohn/opencv-2.4.10/build/CMakeFiles/CMakeTmp/CMakeFiles 1
Building C object CMakeFiles/cmTryCompileExec234374648.dir/CheckIncludeFile.c.o
/usr/bin/cc   -fsigned-char -W -Wall -Werror=return-type -Werror=address -Werror=sequence-point -Wformat -Werror=format-security -Wmissing-declarations -Wmissing-prototypes -Wstrict-prototypes -Wundef -Winit-self -Wpointer-arith -Wshadow -fdiagnostics-show-option -Wno-long-long -pthread -fomit-frame-pointer -msse -msse2 -msse3  -O3 -DNDEBUG   -o CMakeFiles/cmTryCompileExec234374648.dir/CheckIncludeFile.c.o   -c /Users/danielmendelsohn/opencv-2.4.10/build/CMakeFiles/CMakeTmp/CheckIncludeFile.c
/Users/danielmendelsohn/opencv-2.4.10/build/CMakeFiles/CMakeTmp/CheckIncludeFile.c:1:29: error: ffmpeg/avformat.h: No such file or directory
make[1]: *** [CMakeFiles/cmTryCompileExec234374648.dir/CheckIncludeFile.c.o] Error 1
make: *** [cmTryCompileExec234374648/fast] Error 2


Determining if the include file linux/videodev.h exists failed with the following output:
Change Dir: /Users/danielmendelsohn/opencv-2.4.10/build/CMakeFiles/CMakeTmp

Run Build Command:"/usr/bin/make" "cmTryCompileExec122570302/fast"
/usr/bin/make -f CMakeFiles/cmTryCompileExec122570302.dir/build.make CMakeFiles/cmTryCompileExec122570302.dir/build
/usr/local/Cellar/cmake/3.1.0/bin/cmake -E cmake_progress_report /Users/danielmendelsohn/opencv-2.4.10/build/CMakeFiles/CMakeTmp/CMakeFiles 1
Building C object CMakeFiles/cmTryCompileExec122570302.dir/CheckIncludeFile.c.o
/usr/bin/cc   -fsigned-char -W -Wall -Werror=return-type -Werror=address -Werror=sequence-point -Wformat -Werror=format-security -Wmissing-declarations -Wmissing-prototypes -Wstrict-prototypes -Wundef -Winit-self -Wpointer-arith -Wshadow -fdiagnostics-show-option -Wno-long-long -pthread -fomit-frame-pointer -msse -msse2 -msse3  -O3 -DNDEBUG   -o CMakeFiles/cmTryCompileExec122570302.dir/CheckIncludeFile.c.o   -c /Users/danielmendelsohn/opencv-2.4.10/build/CMakeFiles/CMakeTmp/CheckIncludeFile.c
/Users/danielmendelsohn/opencv-2.4.10/build/CMakeFiles/CMakeTmp/CheckIncludeFile.c:1:28: error: linux/videodev.h: No such file or directory
make[1]: *** [CMakeFiles/cmTryCompileExec122570302.dir/CheckIncludeFile.c.o] Error 1
make: *** [cmTryCompileExec122570302/fast] Error 2


Determining if the include file linux/videodev2.h exists failed with the following output:
Change Dir: /Users/danielmendelsohn/opencv-2.4.10/build/CMakeFiles/CMakeTmp

Run Build Command:"/usr/bin/make" "cmTryCompileExec2091642536/fast"
/usr/bin/make -f CMakeFiles/cmTryCompileExec2091642536.dir/build.make CMakeFiles/cmTryCompileExec2091642536.dir/build
/usr/local/Cellar/cmake/3.1.0/bin/cmake -E cmake_progress_report /Users/danielmendelsohn/opencv-2.4.10/build/CMakeFiles/CMakeTmp/CMakeFiles 1
Building C object CMakeFiles/cmTryCompileExec2091642536.dir/CheckIncludeFile.c.o
/usr/bin/cc   -fsigned-char -W -Wall -Werror=return-type -Werror=address -Werror=sequence-point -Wformat -Werror=format-security -Wmissing-declarations -Wmissing-prototypes -Wstrict-prototypes -Wundef -Winit-self -Wpointer-arith -Wshadow -fdiagnostics-show-option -Wno-long-long -pthread -fomit-frame-pointer -msse -msse2 -msse3  -O3 -DNDEBUG   -o CMakeFiles/cmTryCompileExec2091642536.dir/CheckIncludeFile.c.o   -c /Users/danielmendelsohn/opencv-2.4.10/build/CMakeFiles/CMakeTmp/CheckIncludeFile.c
/Users/danielmendelsohn/opencv-2.4.10/build/CMakeFiles/CMakeTmp/CheckIncludeFile.c:1:29: error: linux/videodev2.h: No such file or directory
make[1]: *** [CMakeFiles/cmTryCompileExec2091642536.dir/CheckIncludeFile.c.o] Error 1
make: *** [cmTryCompileExec2091642536/fast] Error 2


Determining if the include file sys/videoio.h exists failed with the following output:
Change Dir: /Users/danielmendelsohn/opencv-2.4.10/build/CMakeFiles/CMakeTmp

Run Build Command:"/usr/bin/make" "cmTryCompileExec2697682180/fast"
/usr/bin/make -f CMakeFiles/cmTryCompileExec2697682180.dir/build.make CMakeFiles/cmTryCompileExec2697682180.dir/build
/usr/local/Cellar/cmake/3.1.0/bin/cmake -E cmake_progress_report /Users/danielmendelsohn/opencv-2.4.10/build/CMakeFiles/CMakeTmp/CMakeFiles 1
Building C object CMakeFiles/cmTryCompileExec2697682180.dir/CheckIncludeFile.c.o
/usr/bin/cc   -fsigned-char -W -Wall -Werror=return-type -Werror=address -Werror=sequence-point -Wformat -Werror=format-security -Wmissing-declarations -Wmissing-prototypes -Wstrict-prototypes -Wundef -Winit-self -Wpointer-arith -Wshadow -fdiagnostics-show-option -Wno-long-long -pthread -fomit-frame-pointer -msse -msse2 -msse3  -O3 -DNDEBUG   -o CMakeFiles/cmTryCompileExec2697682180.dir/CheckIncludeFile.c.o   -c /Users/danielmendelsohn/opencv-2.4.10/build/CMakeFiles/CMakeTmp/CheckIncludeFile.c
/Users/danielmendelsohn/opencv-2.4.10/build/CMakeFiles/CMakeTmp/CheckIncludeFile.c:1:25: error: sys/videoio.h: No such file or directory
make[1]: *** [CMakeFiles/cmTryCompileExec2697682180.dir/CheckIncludeFile.c.o] Error 1
make: *** [cmTryCompileExec2697682180/fast] Error 2


Determining if the include file libavformat/avformat.h exists failed with the following output:
Change Dir: /Users/danielmendelsohn/opencv-2.4.10/build/CMakeFiles/CMakeTmp

Run Build Command:"/usr/bin/make" "cmTryCompileExec2717890524/fast"
/usr/bin/make -f CMakeFiles/cmTryCompileExec2717890524.dir/build.make CMakeFiles/cmTryCompileExec2717890524.dir/build
/usr/local/Cellar/cmake/3.1.0/bin/cmake -E cmake_progress_report /Users/danielmendelsohn/opencv-2.4.10/build/CMakeFiles/CMakeTmp/CMakeFiles 1
Building C object CMakeFiles/cmTryCompileExec2717890524.dir/CheckIncludeFile.c.o
/usr/bin/cc   -fsigned-char -W -Wall -Werror=return-type -Werror=address -Werror=sequence-point -Wformat -Werror=format-security -Wmissing-declarations -Wmissing-prototypes -Wstrict-prototypes -Wundef -Winit-self -Wpointer-arith -Wshadow -fdiagnostics-show-option -Wno-long-long -pthread -fomit-frame-pointer -msse -msse2 -msse3  -O3 -DNDEBUG   -o CMakeFiles/cmTryCompileExec2717890524.dir/CheckIncludeFile.c.o   -c /Users/danielmendelsohn/opencv-2.4.10/build/CMakeFiles/CMakeTmp/CheckIncludeFile.c
/Users/danielmendelsohn/opencv-2.4.10/build/CMakeFiles/CMakeTmp/CheckIncludeFile.c:1:34: error: libavformat/avformat.h: No such file or directory
make[1]: *** [CMakeFiles/cmTryCompileExec2717890524.dir/CheckIncludeFile.c.o] Error 1
make: *** [cmTryCompileExec2717890524/fast] Error 2


Determining if the include file ffmpeg/avformat.h exists failed with the following output:
Change Dir: /Users/danielmendelsohn/opencv-2.4.10/build/CMakeFiles/CMakeTmp

Run Build Command:"/usr/bin/make" "cmTryCompileExec164554790/fast"
/usr/bin/make -f CMakeFiles/cmTryCompileExec164554790.dir/build.make CMakeFiles/cmTryCompileExec164554790.dir/build
/usr/local/Cellar/cmake/3.1.0/bin/cmake -E cmake_progress_report /Users/danielmendelsohn/opencv-2.4.10/build/CMakeFiles/CMakeTmp/CMakeFiles 1
Building C object CMakeFiles/cmTryCompileExec164554790.dir/CheckIncludeFile.c.o
/usr/bin/cc   -fsigned-char -W -Wall -Werror=return-type -Werror=address -Werror=sequence-point -Wformat -Werror=format-security -Wmissing-declarations -Wmissing-prototypes -Wstrict-prototypes -Wundef -Winit-self -Wpointer-arith -Wshadow -fdiagnostics-show-option -Wno-long-long -pthread -fomit-frame-pointer -msse -msse2 -msse3  -O3 -DNDEBUG   -o CMakeFiles/cmTryCompileExec164554790.dir/CheckIncludeFile.c.o   -c /Users/danielmendelsohn/opencv-2.4.10/build/CMakeFiles/CMakeTmp/CheckIncludeFile.c
/Users/danielmendelsohn/opencv-2.4.10/build/CMakeFiles/CMakeTmp/CheckIncludeFile.c:1:29: error: ffmpeg/avformat.h: No such file or directory
make[1]: *** [CMakeFiles/cmTryCompileExec164554790.dir/CheckIncludeFile.c.o] Error 1
make: *** [cmTryCompileExec164554790/fast] Error 2


